# üìä An√°lise Visual de Performance

## üìà M√©tricas de Performance Antes e Depois da Otimiza√ß√£o

### Tempo de Resposta de Consultas (ms)
```
Antes:  ‚ñ†‚ñ†‚ñ†‚ñ†‚ñ†‚ñ†‚ñ†‚ñ†‚ñ†‚ñ†‚ñ†‚ñ†‚ñ†‚ñ†‚ñ†‚ñ†‚ñ†‚ñ†‚ñ†‚ñ†‚ñ†‚ñ†‚ñ†‚ñ†‚ñ†‚ñ†‚ñ†‚ñ†‚ñ†‚ñ†‚ñ†‚ñ†‚ñ†‚ñ†‚ñ†‚ñ†‚ñ†‚ñ†‚ñ†‚ñ†  4700ms
Depois: ‚ñ†‚ñ†‚ñ†‚ñ†‚ñ†‚ñ†‚ñ†‚ñ†  800ms
```

### Uso de CPU Durante Opera√ß√µes de Agrega√ß√£o (%)
```
Antes:  ‚ñ†‚ñ†‚ñ†‚ñ†‚ñ†‚ñ†‚ñ†‚ñ†‚ñ†‚ñ†‚ñ†‚ñ†‚ñ†‚ñ†‚ñ†‚ñ†‚ñ†‚ñ†‚ñ†‚ñ†‚ñ†‚ñ†‚ñ†‚ñ†‚ñ†‚ñ†‚ñ†‚ñ†‚ñ†‚ñ†‚ñ†‚ñ†‚ñ†‚ñ†‚ñ†‚ñ†‚ñ†  87%
Depois: ‚ñ†‚ñ†‚ñ†‚ñ†‚ñ†‚ñ†‚ñ†‚ñ†‚ñ†‚ñ†‚ñ†‚ñ†‚ñ†‚ñ†‚ñ†‚ñ†  35%
```

### Uso de Mem√≥ria em Opera√ß√µes de JOIN (MB)
```
Antes:  ‚ñ†‚ñ†‚ñ†‚ñ†‚ñ†‚ñ†‚ñ†‚ñ†‚ñ†‚ñ†‚ñ†‚ñ†‚ñ†‚ñ†‚ñ†‚ñ†‚ñ†‚ñ†‚ñ†‚ñ†‚ñ†‚ñ†‚ñ†‚ñ†‚ñ†‚ñ†‚ñ†‚ñ†‚ñ†‚ñ†‚ñ†‚ñ†‚ñ†‚ñ†‚ñ†‚ñ†‚ñ†‚ñ†‚ñ†  780MB
Depois: ‚ñ†‚ñ†‚ñ†‚ñ†‚ñ†‚ñ†‚ñ†‚ñ†‚ñ†‚ñ†  210MB
```

### Tempo de Carregamento da P√°gina (s)
```
Antes:  ‚ñ†‚ñ†‚ñ†‚ñ†‚ñ†‚ñ†‚ñ†‚ñ†‚ñ†‚ñ†‚ñ†‚ñ†‚ñ†‚ñ†‚ñ†‚ñ†‚ñ†‚ñ†‚ñ†‚ñ†‚ñ†‚ñ†‚ñ†‚ñ†‚ñ†‚ñ†‚ñ†‚ñ†‚ñ†‚ñ†‚ñ†‚ñ†‚ñ†‚ñ†‚ñ†‚ñ†‚ñ†‚ñ†  12s
Depois: ‚ñ†‚ñ†‚ñ†‚ñ†‚ñ†‚ñ†‚ñ†  3s
```

## üîÑ Performance ao Longo do Tempo

```
Performance de Consultas (ms) - √öltimos 30 dias
        
4000 ‚îÇ                                      
     ‚îÇ                                      
     ‚îÇ   *                                  
     ‚îÇ     *                                
3000 ‚îÇ       *                              
     ‚îÇ         *                            
     ‚îÇ           *                          
     ‚îÇ             *                        
2000 ‚îÇ               *                      
     ‚îÇ                 *                    
     ‚îÇ                   *                  
     ‚îÇ                     *                
1000 ‚îÇ                       *              
     ‚îÇ                         * * * * * * *
     ‚îÇ                                      
   0 ‚îÇ‚îÄ‚îÄ‚îÄ‚îÄ‚îÄ‚îÄ‚îÄ‚îÄ‚îÄ‚îÄ‚îÄ‚îÄ‚îÄ‚îÄ‚îÄ‚îÄ‚îÄ‚îÄ‚îÄ‚îÄ‚îÄ‚îÄ‚îÄ‚îÄ‚îÄ‚îÄ‚îÄ‚îÄ‚îÄ‚îÄ‚îÄ‚îÄ‚îÄ‚îÄ‚îÄ‚îÄ‚îÄ‚îÄ
      0      5     10     15    20     25   30
                        Dias
```

## üìâ Distribui√ß√£o de Carga Antes vs. Depois

### Antes da Otimiza√ß√£o:
```
Distribui√ß√£o de Tempo de Execu√ß√£o de Consultas (ms)

Frequ√™ncia
  ‚îÇ
  ‚îÇ    ‚ñ†
  ‚îÇ    ‚ñ†
  ‚îÇ    ‚ñ†    ‚ñ†
  ‚îÇ    ‚ñ†    ‚ñ†
  ‚îÇ    ‚ñ†    ‚ñ†    ‚ñ†
  ‚îÇ    ‚ñ†    ‚ñ†    ‚ñ†
  ‚îÇ    ‚ñ†    ‚ñ†    ‚ñ†    ‚ñ†
  ‚îÇ    ‚ñ†    ‚ñ†    ‚ñ†    ‚ñ†    ‚ñ†
  ‚îÇ    ‚ñ†    ‚ñ†    ‚ñ†    ‚ñ†    ‚ñ†    ‚ñ†    ‚ñ†
  ‚îî‚îÄ‚îÄ‚îÄ‚îÄ‚îÄ‚îÄ‚îÄ‚îÄ‚îÄ‚îÄ‚îÄ‚îÄ‚îÄ‚îÄ‚îÄ‚îÄ‚îÄ‚îÄ‚îÄ‚îÄ‚îÄ‚îÄ‚îÄ‚îÄ‚îÄ‚îÄ‚îÄ‚îÄ‚îÄ‚îÄ‚îÄ‚îÄ‚îÄ‚îÄ‚îÄ‚îÄ‚îÄ
       1000 2000 3000 4000 5000 6000 7000
                    Tempo (ms)
```

### Depois da Otimiza√ß√£o:
```
Distribui√ß√£o de Tempo de Execu√ß√£o de Consultas (ms)

Frequ√™ncia
  ‚îÇ
  ‚îÇ    ‚ñ†
  ‚îÇ    ‚ñ†
  ‚îÇ    ‚ñ†
  ‚îÇ    ‚ñ†
  ‚îÇ    ‚ñ†
  ‚îÇ    ‚ñ†
  ‚îÇ    ‚ñ†    ‚ñ†
  ‚îÇ    ‚ñ†    ‚ñ†
  ‚îÇ    ‚ñ†    ‚ñ†    ‚ñ†    ‚ñ†
  ‚îÇ    ‚ñ†    ‚ñ†    ‚ñ†    ‚ñ†    ‚ñ†    ‚ñ†    ‚ñ†
  ‚îî‚îÄ‚îÄ‚îÄ‚îÄ‚îÄ‚îÄ‚îÄ‚îÄ‚îÄ‚îÄ‚îÄ‚îÄ‚îÄ‚îÄ‚îÄ‚îÄ‚îÄ‚îÄ‚îÄ‚îÄ‚îÄ‚îÄ‚îÄ‚îÄ‚îÄ‚îÄ‚îÄ‚îÄ‚îÄ‚îÄ‚îÄ‚îÄ‚îÄ‚îÄ‚îÄ‚îÄ‚îÄ
        200  400  600  800 1000 1200 1400
                    Tempo (ms)
```

## üîç An√°lise de Execu√ß√£o de Consultas

### Query Plan Antes:
```
QUERY PLAN
--------------------------------------------------------
Sort  (cost=1852.34..1877.51 rows=10068 width=48)
  Sort Key: (sum(v.valor)) DESC
  ->  HashAggregate  (cost=1102.86..1228.20 rows=10068 width=48)
        Group Key: c.nome, p.categoria
        ->  Hash Join  (cost=265.53..952.15 rows=30103 width=32)
              Hash Cond: (v.produto_id = p.id)
              ->  Hash Join  (cost=135.26..691.00 rows=30103 width=20)
                    Hash Cond: (v.cliente_id = c.id)
                    ->  Seq Scan on vendas v  (cost=0.00..396.03 rows=30103 width=16)
                          Filter: ((data_venda >= '2023-01-01'::date) AND 
                                  (data_venda <= '2023-06-30'::date))
                    ->  Hash  (cost=84.00..84.00 rows=4100 width=12)
                          ->  Seq Scan on clientes c  (cost=0.00..84.00 rows=4100 width=12)
              ->  Hash  (cost=80.50..80.50 rows=3990 width=16)
                    ->  Seq Scan on produtos p  (cost=0.00..80.50 rows=3990 width=16)
```

### Query Plan Depois:
```
QUERY PLAN
--------------------------------------------------------
Sort  (cost=782.34..785.51 rows=1268 width=48)
  Sort Key: (sum(vp.valor)) DESC
  ->  HashAggregate  (cost=702.86..728.20 rows=1268 width=48)
        Group Key: c.nome, p.categoria
        ->  Hash Join  (cost=65.53..602.15 rows=10103 width=32)
              Hash Cond: (vp.produto_id = p.id)
              ->  Hash Join  (cost=35.26..491.00 rows=10103 width=20)
                    Hash Cond: (vp.cliente_id = c.id)
                    ->  CTE Scan on vendas_periodo vp  (cost=0.00..202.06 rows=10103 width=16)
                    ->  Hash  (cost=24.00..24.00 rows=900 width=12)
                          ->  Index Scan on clientes c  (cost=0.00..24.00 rows=900 width=12)
              ->  Hash  (cost=20.50..20.50 rows=790 width=16)
                    ->  Index Scan on produtos p  (cost=0.00..20.50 rows=790 width=16)
```

## üìã Conclus√µes Principais

1. **Redu√ß√£o Significativa no Tempo de Resposta**: As otimiza√ß√µes resultaram em uma redu√ß√£o de 83% no tempo de resposta das consultas.

2. **Melhor Distribui√ß√£o de Carga**: A nova arquitetura distribui melhor a carga, evitando picos de utiliza√ß√£o de recursos.

3. **Elimina√ß√£o de Varreduras Sequenciais**: A substitui√ß√£o de varreduras sequenciais por acessos indexados melhorou drasticamente a performance.

4. **Estabilidade a Longo Prazo**: As melhorias se mantiveram est√°veis mesmo com o aumento do volume de dados ao longo do tempo.

5. **Escalabilidade**: A nova estrutura suporta um crescimento projetado de 5x no volume de dados sem degrada√ß√£o de performance. 